
################################################################################
#
# This file has been generated by SpyGlass:
#     Report Name      : moresimple
#     Report Created by: m110063553
#     Report Created on:  Tue Jan 20 21:24:24 2026
#     Working Directory: /home/m110/m110063553/CRC
#     SpyGlass Version : SpyGlass_vR-2020.12-SP2
#     Policy Name      : SpyGlass(SpyGlass_vR-2020.12-SP2)
#                        clock-reset(SpyGlass_vR-2020.12-SP2)
#                        erc(SpyGlass_vR-2020.12-SP2)
#                        latch(SpyGlass_vR-2020.12-SP2)
#                        lint(SpyGlass_vR-2020.12-SP2)
#                        morelint(SpyGlass_vR-2020.12-SP2)
#                        openmore(SpyGlass_vR-2020.12-SP2)
#                        power_est(SpyGlass_vR-2020.12-SP2)
#                        simulation(SpyGlass_vR-2020.12-SP2)
#                        starc(SpyGlass_vR-2020.12-SP2)
#                        starc2005(SpyGlass_vR-2020.12-SP2)
#                        txv(SpyGlass_vR-2020.12-SP2)
#
#     Total Number of Generated Messages :          4
#     Number of Waived Messages          :          0
#     Number of Reported Messages        :          4
#     Number of Overlimit Messages       :          0
#
#
################################################################################

+++++++++++++++++++++++++++++++++++++++++++++++++++++++++++++++++++++++
MORESIMPLE REPORT:


############### BuiltIn -> RuleGroup=Command-line read ###############
+++++++++++++++++++++++++++++++++++++++++++++++++++++++++++++++++++++++++++++++++++++++
ID       Rule           Alias          Severity    File    Line    Wt    Message
======================================================================================
[4]      CMD_sglib03    SglibUnused    Info        N.A     -1      10    No Cell has been used in design from sglib file './spyglass-1/spyglass_cache/autogenerated_sglib/aggregate.sglib'
+++++++++++++++++++++++++++++++++++++++++++++++++++++++++++++++++++++++++++++++++++++++


############### BuiltIn -> RuleGroup=Design Read ###############
+++++++++++++++++++++++++++++++++++++++++++++++++++++++++++++++++++++++++++++++++++++++
ID       Rule                    Alias                   Severity    File                                                                                               Line    Wt    Message
======================================================================================
[2]      DetectTopDesignUnits    DetectTopDesignUnits    Info        ./rtl/top.v                                                                                        13      2     Module top is a top level design unit
[0]      AutoGenerateSglib       AutoGenerateSglib       Info        ./spyglass-1/spyglass_cache/autogenerated_sglib/lc/spyglass_lc_aggregate_reports/moresimple.rpt    0       2     Sglib './spyglass-1/spyglass_cache/autogenerated_sglib/aggregate.sglib' has been auto-generated successfully
[1]      ElabSummary             ElabSummary             Info        ./spyglass-1/lint/lint_rtl/spyglass_reports/SpyGlass/elab_summary.rpt                              0       2     Please refer file './spyglass-1/lint/lint_rtl/spyglass_reports/SpyGlass/elab_summary.rpt' for elab summary report
+++++++++++++++++++++++++++++++++++++++++++++++++++++++++++++++++++++++++++++++++++++++

################################################################################
#
# This file has been generated by SpyGlass:
#     Report Name      : moresimple
#     Report Created by: m110063553
#     Report Created on: Tue Jan 20 21:25:45 2026
#     Working Directory: /home/m110/m110063553/CRC
#     SpyGlass Version : SpyGlass_vR-2020.12-SP2
#     Policy Name      : SpyGlass(SpyGlass_vR-2020.12-SP2)
#                        auto-verify(SpyGlass_vR-2020.12-SP2)
#                        erc(SpyGlass_vR-2020.12-SP2)
#                        latch(SpyGlass_vR-2020.12-SP2)
#                        lint(SpyGlass_vR-2020.12-SP2)
#                        morelint(SpyGlass_vR-2020.12-SP2)
#                        openmore(SpyGlass_vR-2020.12-SP2)
#                        simulation(SpyGlass_vR-2020.12-SP2)
#                        starc(SpyGlass_vR-2020.12-SP2)
#                        starc2005(SpyGlass_vR-2020.12-SP2)
#
#     Total Number of Generated Primary Messages   :          5
#     Total Number of Generated Secondary Messages :          0
#     Number of Waived Primary Messages            :          0
#     Number of Waived Secondary Messages          :          0
#     Number of Reported Primary Messages          :          5
#     Number of Overlimit Messages                 :          0
#
#
################################################################################

++++++++++++++++++++++++++++++++++++++++++++++++++++++++++++++++++++++++++++++++++++++++++++++++++++++++++++++++
MORESIMPLE REPORT:


############### BuiltIn -> RuleGroup=Command-line read ###############
++++++++++++++++++++++++++++++++++++++++++++++++++++++++++++++++++++++++++++++++++++++++++++++++++++++++++++++++++++++++
ID       Rule                     Alias          Severity    File    Line    Wt    Secondary Msg Count    Message
========================================================================================================================
[0]      checkCMD_unset_option    UnsetOption    Warning     N.A.    0       10    NA                     Option/Parameter 'enable_save_restore': Feature 'save-restore' is not supported with option 'policy=auto-verify'.Disabling all 'save-restore' related options
[5]      CMD_sglib03              SglibUnused    Info        N.A     -1      10    NA                     No Cell has been used in design from sglib file './spyglass-1/spyglass_cache/autogenerated_sglib/aggregate.sglib'
+++++++++++++++++++++++++++++++++++++++++++++++++++++++++++++++++++++++++++++++++++++++++++++++++++++++++++++++++++++++


############### BuiltIn -> RuleGroup=Design Read ###############
++++++++++++++++++++++++++++++++++++++++++++++++++++++++++++++++++++++++++++++++++++++++++++++++++++++++++++++++++++++++
ID       Rule                    Alias                   Severity    File                                                                           Line    Wt    Secondary Msg Count    Message
========================================================================================================================
[3]      DetectTopDesignUnits    DetectTopDesignUnits    Info        ./rtl/top.v                                                                    13      2     NA                     Module top is a top level design unit
[2]      ElabSummary             ElabSummary             Info        ./spyglass-1/lint/lint_turbo_rtl/spyglass_reports/SpyGlass/elab_summary.rpt    0       2     NA                     Please refer file './spyglass-1/lint/lint_turbo_rtl/spyglass_reports/SpyGlass/elab_summary.rpt' for elab summary report
[1]      TurboModeStatus         TurboModeStatus         Info        N.A.                                                                           0       10    NA                     Turbo-Mode is enabled in the current run as turbo_struct license feature successfully checked out
+++++++++++++++++++++++++++++++++++++++++++++++++++++++++++++++++++++++++++++++++++++++++++++++++++++++++++++++++++++++

################################################################################
#
# This file has been generated by SpyGlass:
#     Report Name      : moresimple
#     Report Created by: m110063553
#     Report Created on:  Tue Jan 20 21:26:29 2026
#     Working Directory: /home/m110/m110063553/CRC
#     SpyGlass Version : SpyGlass_vR-2020.12-SP2
#     Policy Name      : SpyGlass(SpyGlass_vR-2020.12-SP2)
#                        auto-verify(SpyGlass_vR-2020.12-SP2)
#
#     Total Number of Generated Messages :          6
#     Number of Waived Messages          :          0
#     Number of Reported Messages        :          6
#     Number of Overlimit Messages       :          0
#
#
################################################################################

+++++++++++++++++++++++++++++++++++++++++++++++++++++++++++++++++++++++
MORESIMPLE REPORT:


############### BuiltIn -> RuleGroup=Command-line read ###############
+++++++++++++++++++++++++++++++++++++++++++++++++++++++++++++++++++++++++++++++++++++++
ID       Rule                     Alias          Severity    File    Line    Wt    Message
======================================================================================
[0]      checkCMD_unset_option    UnsetOption    Warning     N.A.    0       10    Option/Parameter 'enable_save_restore': Feature 'save-restore' is not supported with option 'policy=auto-verify'.Disabling all 'save-restore' related options
[3]      CMD_sglib03              SglibUnused    Info        N.A     -1      10    No Cell has been used in design from sglib file './spyglass-1/spyglass_cache/autogenerated_sglib/aggregate.sglib'
+++++++++++++++++++++++++++++++++++++++++++++++++++++++++++++++++++++++++++++++++++++++


############### BuiltIn -> RuleGroup=Design Read ###############
+++++++++++++++++++++++++++++++++++++++++++++++++++++++++++++++++++++++++++++++++++++++
ID       Rule                    Alias                   Severity    File                                                                                Line    Wt    Message
======================================================================================
[2]      DetectTopDesignUnits    DetectTopDesignUnits    Info        ./rtl/top.v                                                                         13      2     Module top is a top level design unit
[1]      ElabSummary             ElabSummary             Info        ./spyglass-1/lint/lint_functional_rtl/spyglass_reports/SpyGlass/elab_summary.rpt    0       2     Please refer file './spyglass-1/lint/lint_functional_rtl/spyglass_reports/SpyGlass/elab_summary.rpt' for elab summary report
+++++++++++++++++++++++++++++++++++++++++++++++++++++++++++++++++++++++++++++++++++++++


############### Non-BuiltIn -> Goal=lint/lint_functional_rtl ###############
+++++++++++++++++++++++++++++++++++++++++++++++++++++++++++++++++++++++++++++++++++++++
ID       Rule                     Alias         Severity    File           Line    Wt    Message
======================================================================================
[1D]     Av_Info_Case_Analysis    showSimVal    Info        ./rtl/top.v    13      10    Information for set_case_analysis value propagation for design 'top' is displayed
[1C]     Av_initstate01           ResetState    Info        ./rtl/top.v    13      10    100 percent of sequential outputs are initialized with sets/resets and 0 percent sequential outputs are initialized by data path. Refer file: './spyglass-1/lint/lint_functional_rtl/spyglass_reports/auto-verify/auto_verify.reg' for details
+++++++++++++++++++++++++++++++++++++++++++++++++++++++++++++++++++++++++++++++++++++++

################################################################################
#
# This file has been generated by SpyGlass:
#     Report Name      : moresimple
#     Report Created by: m110063553
#     Report Created on:  Tue Jan 20 21:27:08 2026
#     Working Directory: /home/m110/m110063553/CRC
#     SpyGlass Version : SpyGlass_vR-2020.12-SP2
#     Policy Name      : SpyGlass(SpyGlass_vR-2020.12-SP2)
#                        lint(SpyGlass_vR-2020.12-SP2)
#
#     Total Number of Generated Messages :          4
#     Number of Waived Messages          :          0
#     Number of Reported Messages        :          4
#     Number of Overlimit Messages       :          0
#
#
################################################################################

+++++++++++++++++++++++++++++++++++++++++++++++++++++++++++++++++++++++
MORESIMPLE REPORT:


############### BuiltIn -> RuleGroup=Command-line read ###############
+++++++++++++++++++++++++++++++++++++++++++++++++++++++++++++++++++++++++++++++++++++++
ID       Rule           Alias          Severity    File    Line    Wt    Message
======================================================================================
[1]      CMD_sglib03    SglibUnused    Info        N.A     -1      10    No Cell has been used in design from sglib file './spyglass-1/spyglass_cache/autogenerated_sglib/aggregate.sglib'
+++++++++++++++++++++++++++++++++++++++++++++++++++++++++++++++++++++++++++++++++++++++


############### BuiltIn -> RuleGroup=Design Read ###############
+++++++++++++++++++++++++++++++++++++++++++++++++++++++++++++++++++++++++++++++++++++++
ID       Rule                    Alias                   Severity    File                                                                          Line    Wt    Message
======================================================================================
[2]      DetectTopDesignUnits    DetectTopDesignUnits    Info        ./rtl/top.v                                                                   13      2     Module top is a top level design unit
[0]      ElabSummary             ElabSummary             Info        ./spyglass-1/lint/lint_abstract/spyglass_reports/SpyGlass/elab_summary.rpt    0       2     Please refer file './spyglass-1/lint/lint_abstract/spyglass_reports/SpyGlass/elab_summary.rpt' for elab summary report
+++++++++++++++++++++++++++++++++++++++++++++++++++++++++++++++++++++++++++++++++++++++


############### Non-BuiltIn -> Goal=lint/lint_abstract ###############
+++++++++++++++++++++++++++++++++++++++++++++++++++++++++++++++++++++++++++++++++++++++
ID       Rule               Alias    Severity    File                                                                                               Line    Wt    Message
======================================================================================
[3]      LINT_abstract01             Info        ./spyglass-1/lint/lint_abstract/spyglass_reports/abstract_view/top_pSTAGES_2_lint_abstract.sgdc    0       2     Abstract view for design 'top' succesfully created
+++++++++++++++++++++++++++++++++++++++++++++++++++++++++++++++++++++++++++++++++++++++

################################################################################
#
# This file has been generated by SpyGlass:
#     Report Name      : moresimple
#     Report Created by: m110063553
#     Report Created on:  Tue Jan 20 21:27:14 2026
#     Working Directory: /home/m110/m110063553/CRC
#     SpyGlass Version : SpyGlass_vR-2020.12-SP2
#     Policy Name      : SpyGlass(SpyGlass_vR-2020.12-SP2)
#                        clock-reset(SpyGlass_vR-2020.12-SP2)
#
#     Total Number of Generated Messages :         13
#     Number of Waived Messages          :          0
#     Number of Reported Messages        :         13
#     Number of Overlimit Messages       :          0
#
#
################################################################################

+++++++++++++++++++++++++++++++++++++++++++++++++++++++++++++++++++++++
MORESIMPLE REPORT:


############### BuiltIn -> RuleGroup=Command-line read ###############
+++++++++++++++++++++++++++++++++++++++++++++++++++++++++++++++++++++++++++++++++++++++
ID       Rule           Alias          Severity    File    Line    Wt    Message
======================================================================================
[1]      CMD_sglib03    SglibUnused    Info        N.A     -1      10    No Cell has been used in design from sglib file './spyglass-1/spyglass_cache/autogenerated_sglib/aggregate.sglib'
+++++++++++++++++++++++++++++++++++++++++++++++++++++++++++++++++++++++++++++++++++++++


############### BuiltIn -> RuleGroup=Design Read ###############
+++++++++++++++++++++++++++++++++++++++++++++++++++++++++++++++++++++++++++++++++++++++
ID       Rule                    Alias                   Severity    File                                                                     Line    Wt    Message
======================================================================================
[2]      DetectTopDesignUnits    DetectTopDesignUnits    Info        ./rtl/top.v                                                              13      2     Module top is a top level design unit
[0]      ElabSummary             ElabSummary             Info        ./spyglass-1/cdc/cdc_setup/spyglass_reports/SpyGlass/elab_summary.rpt    0       2     Please refer file './spyglass-1/cdc/cdc_setup/spyglass_reports/SpyGlass/elab_summary.rpt' for elab summary report
[6]      Info_Case_Analysis      showSimVal              Info        ./rtl/top.v                                                              13      10    Information for set_case_analysis value propagation for design 'top' is displayed
+++++++++++++++++++++++++++++++++++++++++++++++++++++++++++++++++++++++++++++++++++++++


############### Non-BuiltIn -> Goal=cdc/cdc_setup ###############
+++++++++++++++++++++++++++++++++++++++++++++++++++++++++++++++++++++++++++++++++++++++
ID       Rule                Alias    Severity    File           Line    Wt    Message
======================================================================================
[7]      Clock_info01                 Info        ./rtl/top.v    17      2     Candidate clock: top.clk_1 of type: Primary Clock
[8]      Clock_info01                 Info        ./rtl/top.v    18      2     Candidate clock: top.clk_2 of type: Primary Clock
[9]      Clock_info01                 Info        ./rtl/top.v    19      2     Candidate clock: top.clk_3 of type: Primary Clock
[3]      Propagate_Clocks             Info        ./rtl/top.v    17      2     For top, clock(s) 'top.clk_1' of domain 'clk_1' propagated
[4]      Propagate_Clocks             Info        ./rtl/top.v    18      2     For top, clock(s) 'top.clk_2' of domain 'clk_2' propagated
[5]      Propagate_Clocks             Info        ./rtl/top.v    19      2     For top, clock(s) 'top.clk_3' of domain 'clk_3' propagated
[12]     Propagate_Resets             Info        ./rtl/top.v    20      2     For top, reset 'top.rst_n' propagated
[11]     Reset_info01                 Info        ./rtl/top.v    20      2     Candidate clear: top.rst_n of type Primary clear
[D]      Setup_clock01                Info        ./rtl/top.v    13      2     For design 'top', '3' source clock(s) and '3' clock cone node(s) are identified
+++++++++++++++++++++++++++++++++++++++++++++++++++++++++++++++++++++++++++++++++++++++

################################################################################
#
# This file has been generated by SpyGlass:
#     Report Name      : moresimple
#     Report Created by: m110063553
#     Report Created on:  Tue Jan 20 21:27:22 2026
#     Working Directory: /home/m110/m110063553/CRC
#     SpyGlass Version : SpyGlass_vR-2020.12-SP2
#     Policy Name      : SpyGlass(SpyGlass_vR-2020.12-SP2)
#                        clock-reset(SpyGlass_vR-2020.12-SP2)
#
#     Total Number of Generated Messages :         15
#     Number of Waived Messages          :          0
#     Number of Reported Messages        :         15
#     Number of Overlimit Messages       :          0
#
#
################################################################################

+++++++++++++++++++++++++++++++++++++++++++++++++++++++++++++++++++++++
MORESIMPLE REPORT:


############### BuiltIn -> RuleGroup=Command-line read ###############
+++++++++++++++++++++++++++++++++++++++++++++++++++++++++++++++++++++++++++++++++++++++
ID       Rule           Alias          Severity    File    Line    Wt    Message
======================================================================================
[1]      CMD_sglib03    SglibUnused    Info        N.A     -1      10    No Cell has been used in design from sglib file './spyglass-1/spyglass_cache/autogenerated_sglib/aggregate.sglib'
+++++++++++++++++++++++++++++++++++++++++++++++++++++++++++++++++++++++++++++++++++++++


############### BuiltIn -> RuleGroup=Design Read ###############
+++++++++++++++++++++++++++++++++++++++++++++++++++++++++++++++++++++++++++++++++++++++
ID       Rule                    Alias                   Severity    File                                                                           Line    Wt    Message
======================================================================================
[2]      DetectTopDesignUnits    DetectTopDesignUnits    Info        ./rtl/top.v                                                                    13      2     Module top is a top level design unit
[0]      ElabSummary             ElabSummary             Info        ./spyglass-1/cdc/cdc_setup_check/spyglass_reports/SpyGlass/elab_summary.rpt    0       2     Please refer file './spyglass-1/cdc/cdc_setup_check/spyglass_reports/SpyGlass/elab_summary.rpt' for elab summary report
[14]     Info_Case_Analysis      showSimVal              Info        ./rtl/top.v                                                                    13      10    Information for set_case_analysis value propagation for design 'top' is displayed
+++++++++++++++++++++++++++++++++++++++++++++++++++++++++++++++++++++++++++++++++++++++


############### Non-BuiltIn -> Goal=cdc/cdc_setup_check ###############
+++++++++++++++++++++++++++++++++++++++++++++++++++++++++++++++++++++++++++++++++++++++
ID       Rule                Alias    Severity    File                                                                                     Line    Wt    Message
======================================================================================
[15]     Clock_info01                 Info        ./rtl/top.v                                                                              17      2     Candidate clock: top.clk_1 of type: Primary Clock
[16]     Clock_info01                 Info        ./rtl/top.v                                                                              18      2     Candidate clock: top.clk_2 of type: Primary Clock
[17]     Clock_info01                 Info        ./rtl/top.v                                                                              19      2     Candidate clock: top.clk_3 of type: Primary Clock
[1A]     Clock_info15                 Info        N.A.                                                                                     0       2     Port-Clock information generated for PortClockMatrix report
[3]      Propagate_Clocks             Info        ./rtl/top.v                                                                              17      2     For top, clock(s) 'top.clk_1' of domain 'clk_1' propagated
[4]      Propagate_Clocks             Info        ./rtl/top.v                                                                              18      2     For top, clock(s) 'top.clk_2' of domain 'clk_2' propagated
[5]      Propagate_Clocks             Info        ./rtl/top.v                                                                              19      2     For top, clock(s) 'top.clk_3' of domain 'clk_3' propagated
[19]     Propagate_Resets             Info        ./rtl/top.v                                                                              20      2     For top, reset 'top.rst_n' propagated
[18]     Reset_info01                 Info        ./rtl/top.v                                                                              20      2     Candidate clear: top.rst_n of type Primary clear
[13]     Setup_port01                 Info        ./rtl/top.v                                                                              13      2     Port coverage for top design unit 'top' is: '0' (0.00 %) port(s) not fully constrained
[F]      Setup_port01                 Info        ./spyglass-1/cdc/cdc_setup_check/spyglass_reports/clock-reset/top_input_abstract.sgdc    0       2     Abstracted sgdc file for input ports of block 'top' is generated
+++++++++++++++++++++++++++++++++++++++++++++++++++++++++++++++++++++++++++++++++++++++

################################################################################
#
# This file has been generated by SpyGlass:
#     Report Name      : moresimple
#     Report Created by: m110063553
#     Report Created on:  Tue Jan 20 21:27:29 2026
#     Working Directory: /home/m110/m110063553/CRC
#     SpyGlass Version : SpyGlass_vR-2020.12-SP2
#     Policy Name      : SpyGlass(SpyGlass_vR-2020.12-SP2)
#                        clock-reset(SpyGlass_vR-2020.12-SP2)
#
#     Total Number of Generated Messages :          9
#     Number of Waived Messages          :          0
#     Number of Reported Messages        :          9
#     Number of Overlimit Messages       :          0
#
#
################################################################################

+++++++++++++++++++++++++++++++++++++++++++++++++++++++++++++++++++++++
MORESIMPLE REPORT:


############### BuiltIn -> RuleGroup=Command-line read ###############
+++++++++++++++++++++++++++++++++++++++++++++++++++++++++++++++++++++++++++++++++++++++
ID       Rule           Alias          Severity    File    Line    Wt    Message
======================================================================================
[1]      CMD_sglib03    SglibUnused    Info        N.A     -1      10    No Cell has been used in design from sglib file './spyglass-1/spyglass_cache/autogenerated_sglib/aggregate.sglib'
+++++++++++++++++++++++++++++++++++++++++++++++++++++++++++++++++++++++++++++++++++++++


############### BuiltIn -> RuleGroup=Design Read ###############
+++++++++++++++++++++++++++++++++++++++++++++++++++++++++++++++++++++++++++++++++++++++
ID       Rule                    Alias                   Severity    File                                                                                 Line    Wt    Message
======================================================================================
[2]      DetectTopDesignUnits    DetectTopDesignUnits    Info        ./rtl/top.v                                                                          13      2     Module top is a top level design unit
[0]      ElabSummary             ElabSummary             Info        ./spyglass-1/cdc/clock_reset_integrity/spyglass_reports/SpyGlass/elab_summary.rpt    0       2     Please refer file './spyglass-1/cdc/clock_reset_integrity/spyglass_reports/SpyGlass/elab_summary.rpt' for elab summary report
[6]      Info_Case_Analysis      showSimVal              Info        ./rtl/top.v                                                                          13      10    Information for set_case_analysis value propagation for design 'top' is displayed
+++++++++++++++++++++++++++++++++++++++++++++++++++++++++++++++++++++++++++++++++++++++


############### Non-BuiltIn -> Goal=cdc/clock_reset_integrity ###############
+++++++++++++++++++++++++++++++++++++++++++++++++++++++++++++++++++++++++++++++++++++++
ID       Rule                  Alias    Severity    File           Line    Wt    Message
======================================================================================
[8]      Clock_Reset_info01             Info        N.A.           0       2     Clock-Reset Matrix information generated for Clock-Reset-Summary report
[3]      Propagate_Clocks               Info        ./rtl/top.v    17      2     For top, clock(s) 'top.clk_1' of domain 'clk_1' propagated
[4]      Propagate_Clocks               Info        ./rtl/top.v    18      2     For top, clock(s) 'top.clk_2' of domain 'clk_2' propagated
[5]      Propagate_Clocks               Info        ./rtl/top.v    19      2     For top, clock(s) 'top.clk_3' of domain 'clk_3' propagated
[7]      Propagate_Resets               Info        ./rtl/top.v    20      2     For top, reset 'top.rst_n' propagated
+++++++++++++++++++++++++++++++++++++++++++++++++++++++++++++++++++++++++++++++++++++++

################################################################################
#
# This file has been generated by SpyGlass:
#     Report Name      : moresimple
#     Report Created by: m110063553
#     Report Created on:  Tue Jan 20 21:27:37 2026
#     Working Directory: /home/m110/m110063553/CRC
#     SpyGlass Version : SpyGlass_vR-2020.12-SP2
#     Policy Name      : SpyGlass(SpyGlass_vR-2020.12-SP2)
#                        clock-reset(SpyGlass_vR-2020.12-SP2)
#
#     Total Number of Generated Messages :         29
#     Number of Waived Messages          :          0
#     Number of Reported Messages        :         29
#     Number of Overlimit Messages       :          0
#
#
################################################################################

+++++++++++++++++++++++++++++++++++++++++++++++++++++++++++++++++++++++
MORESIMPLE REPORT:


############### BuiltIn -> RuleGroup=Command-line read ###############
+++++++++++++++++++++++++++++++++++++++++++++++++++++++++++++++++++++++++++++++++++++++
ID       Rule           Alias          Severity    File    Line    Wt    Message
======================================================================================
[1]      CMD_sglib03    SglibUnused    Info        N.A     -1      10    No Cell has been used in design from sglib file './spyglass-1/spyglass_cache/autogenerated_sglib/aggregate.sglib'
+++++++++++++++++++++++++++++++++++++++++++++++++++++++++++++++++++++++++++++++++++++++


############### BuiltIn -> RuleGroup=Design Read ###############
+++++++++++++++++++++++++++++++++++++++++++++++++++++++++++++++++++++++++++++++++++++++
ID       Rule                    Alias                   Severity    File                                                                             Line    Wt    Message
======================================================================================
[2]      DetectTopDesignUnits    DetectTopDesignUnits    Info        ./rtl/top.v                                                                      13      2     Module top is a top level design unit
[0]      ElabSummary             ElabSummary             Info        ./spyglass-1/cdc/cdc_verify_struct/spyglass_reports/SpyGlass/elab_summary.rpt    0       2     Please refer file './spyglass-1/cdc/cdc_verify_struct/spyglass_reports/SpyGlass/elab_summary.rpt' for elab summary report
[1A]     Info_Case_Analysis      showSimVal              Info        ./rtl/top.v                                                                      13      10    Information for set_case_analysis value propagation for design 'top' is displayed
+++++++++++++++++++++++++++++++++++++++++++++++++++++++++++++++++++++++++++++++++++++++


############### Non-BuiltIn -> Goal=cdc/cdc_verify_struct ###############
+++++++++++++++++++++++++++++++++++++++++++++++++++++++++++++++++++++++++++++++++++++++
ID       Rule                    Alias    Severity    File                                                                                       Line    Wt    Message
======================================================================================
[1F]     Ac_crossing01                    Info        ./rtl/top.v                                                                                13      10    CrossingMatrix spreadsheet generated for design 'top'
[16]     Ac_sync01                        Info        ./rtl/clk_2_module.v                                                                       68      2     Synchronized Crossing: destination flop top.i_clk_2_module.clk2_CRC, clocked by top.clk_2, source flop top.i_clk_1_module.clk1_CRC_reg, clocked by top.clk_1, by method: Enable Based Synchronizer [Total Sources: 1 (Number of source domains: 1)]
[15]     Ac_sync01                        Info        ./rtl/clk_2_module.v                                                                       75      2     Synchronized Crossing: destination flop top.i_clk_2_module.clk2_mode, clocked by top.clk_2, source flop top.i_clk_1_module.clk1_mode_reg, clocked by top.clk_1, by method: Enable Based Synchronizer [Total Sources: 1 (Number of source domains: 1)]
[14]     Ac_sync02                        Info        ./rtl/cdc_sync.v                                                                           29      2     Synchronized Crossing: destination flop top.i_pulse_sync_clk1.i_cdc_sync.sync_ff[0], clocked by top.clk_2, source flop top.i_pulse_sync_clk1.i_toggleff.tmp_lvl, clocked by top.clk_1, by method: Conventional multi-flop for metastability technique [Total Sources: 1 (Number of source domains: 1)]
[18]     Ac_sync02                        Info        ./rtl/cdc_sync.v                                                                           29      2     Synchronized Crossing: destination flop top.i_pulse_sync_clk2.i_cdc_sync.sync_ff[0], clocked by top.clk_3, source flop top.i_pulse_sync_clk2.i_toggleff.tmp_lvl, clocked by top.clk_2, by method: Conventional multi-flop for metastability technique [Total Sources: 1 (Number of source domains: 1)]
[17]     Ac_sync02                        Info        ./rtl/clk_2_module.v                                                                       82      2     Synchronized Crossing: destination flop top.i_clk_2_module.clk2_message[59:0], clocked by top.clk_2, source flop top.i_clk_1_module.clk1_message_reg[59:0], clocked by top.clk_1, by method: Enable Based Synchronizer [Total Sources: 1 (Number of source domains: 1)]
[19]     Ac_sync02                        Info        ./rtl/clk_3_module.v                                                                       46      2     Synchronized Crossing: destination flop top.i_clk_3_module.out_reg[59:0], clocked by top.clk_3, source flop top.i_clk_2_module.clk2_out_reg[59:0], clocked by top.clk_2, by method: Synchronization at And gate [Total Sources: 1 (Number of source domains: 1)]
[22]     Ar_sync01                        Info        ./rtl/cdc_sync.v                                                                           29      10    Reset signal 'top.rst_n' for 'clear' pin of flop 'top.i_pulse_sync_clk2.i_cdc_sync.sync_ff[0]', clocked by 'top.clk_3', is synchronized by method: Multi-flop reset synchronizer (Name:top.i_rst_sync_clk3.sync_ff[1])
[23]     Ar_sync01                        Info        ./rtl/cdc_sync.v                                                                           29      10    Reset signal 'top.rst_n' for 'clear' pin of flop 'top.i_pulse_sync_clk1.i_cdc_sync.sync_ff[0]', clocked by 'top.clk_2', is synchronized by method: Multi-flop reset synchronizer (Name:top.i_rst_sync_clk2.sync_ff[1])
[24]     Ar_sync01                        Info        ./rtl/clk_1_module.v                                                                       40      10    Reset signal 'top.rst_n' for 'clear' pin of flop 'top.i_clk_1_module.clk1_CRC_reg', clocked by 'top.clk_1', is synchronized by method: Multi-flop reset synchronizer (Name:top.i_rst_sync_clk1.sync_ff[1])
[26]     Ar_syncdeassert01                Info        ./rtl/cdc_sync.v                                                                           29      10    Reset signal 'top.rst_n' for 'clear' pin of flop 'top.i_pulse_sync_clk1.i_cdc_sync.sync_ff[0]', synchronously de-asserts relative to clock signal 'top.clk_2'
[27]     Ar_syncdeassert01                Info        ./rtl/cdc_sync.v                                                                           29      10    Reset signal 'top.rst_n' for 'clear' pin of flop 'top.i_pulse_sync_clk2.i_cdc_sync.sync_ff[0]', synchronously de-asserts relative to clock signal 'top.clk_3'
[25]     Ar_syncdeassert01                Info        ./rtl/clk_1_module.v                                                                       40      10    Reset signal 'top.rst_n' for 'clear' pin of flop 'top.i_clk_1_module.clk1_CRC_reg', synchronously de-asserts relative to clock signal 'top.clk_1'
[1C]     Clock_info01                     Info        ./rtl/top.v                                                                                17      2     Candidate clock: top.clk_1 of type: Primary Clock
[1D]     Clock_info01                     Info        ./rtl/top.v                                                                                18      2     Candidate clock: top.clk_2 of type: Primary Clock
[1E]     Clock_info01                     Info        ./rtl/top.v                                                                                19      2     Candidate clock: top.clk_3 of type: Primary Clock
[28]     Clock_info15                     Info        N.A.                                                                                       0       2     Port-Clock information generated for PortClockMatrix report
[3]      Propagate_Clocks                 Info        ./rtl/top.v                                                                                17      2     For top, clock(s) 'top.clk_1' of domain 'clk_1' propagated
[4]      Propagate_Clocks                 Info        ./rtl/top.v                                                                                18      2     For top, clock(s) 'top.clk_2' of domain 'clk_2' propagated
[5]      Propagate_Clocks                 Info        ./rtl/top.v                                                                                19      2     For top, clock(s) 'top.clk_3' of domain 'clk_3' propagated
[21]     Propagate_Resets                 Info        ./rtl/top.v                                                                                20      2     For top, reset 'top.rst_n' propagated
[20]     Reset_info01                     Info        ./rtl/top.v                                                                                20      2     Candidate clear: top.rst_n of type Primary clear
[13]     Setup_port01                     Info        ./rtl/top.v                                                                                13      2     Port coverage for top design unit 'top' is: '0' (0.00 %) port(s) not fully constrained
[F]      Setup_port01                     Info        ./spyglass-1/cdc/cdc_verify_struct/spyglass_reports/clock-reset/top_input_abstract.sgdc    0       2     Abstracted sgdc file for input ports of block 'top' is generated
[1B]     Setup_quasi_static01             Info        ./spyglass-1/cdc/cdc_verify_struct/spyglass_reports/clock-reset/auto_quasi_static.sgdc     25      2     For design 'top', '0' quasi_static constraint(s) inferred
+++++++++++++++++++++++++++++++++++++++++++++++++++++++++++++++++++++++++++++++++++++++

################################################################################
#
# This file has been generated by SpyGlass:
#     Report Name      : moresimple
#     Report Created by: m110063553
#     Report Created on:  Tue Jan 20 21:27:44 2026
#     Working Directory: /home/m110/m110063553/CRC
#     SpyGlass Version : SpyGlass_vR-2020.12-SP2
#     Policy Name      : SpyGlass(SpyGlass_vR-2020.12-SP2)
#                        clock-reset(SpyGlass_vR-2020.12-SP2)
#
#     Total Number of Generated Messages :         37
#     Number of Waived Messages          :          0
#     Number of Reported Messages        :         37
#     Number of Overlimit Messages       :          0
#
#
################################################################################

+++++++++++++++++++++++++++++++++++++++++++++++++++++++++++++++++++++++
MORESIMPLE REPORT:


############### BuiltIn -> RuleGroup=Command-line read ###############
+++++++++++++++++++++++++++++++++++++++++++++++++++++++++++++++++++++++++++++++++++++++
ID       Rule           Alias          Severity    File    Line    Wt    Message
======================================================================================
[1]      CMD_sglib03    SglibUnused    Info        N.A     -1      10    No Cell has been used in design from sglib file './spyglass-1/spyglass_cache/autogenerated_sglib/aggregate.sglib'
+++++++++++++++++++++++++++++++++++++++++++++++++++++++++++++++++++++++++++++++++++++++


############### BuiltIn -> RuleGroup=Design Read ###############
+++++++++++++++++++++++++++++++++++++++++++++++++++++++++++++++++++++++++++++++++++++++
ID       Rule                    Alias                   Severity    File                                                                      Line    Wt    Message
======================================================================================
[2]      DetectTopDesignUnits    DetectTopDesignUnits    Info        ./rtl/top.v                                                               13      2     Module top is a top level design unit
[0]      ElabSummary             ElabSummary             Info        ./spyglass-1/cdc/cdc_verify/spyglass_reports/SpyGlass/elab_summary.rpt    0       2     Please refer file './spyglass-1/cdc/cdc_verify/spyglass_reports/SpyGlass/elab_summary.rpt' for elab summary report
[1A]     Info_Case_Analysis      showSimVal              Info        ./rtl/top.v                                                               13      10    Information for set_case_analysis value propagation for design 'top' is displayed
+++++++++++++++++++++++++++++++++++++++++++++++++++++++++++++++++++++++++++++++++++++++


############### Non-BuiltIn -> Goal=cdc/cdc_verify ###############
+++++++++++++++++++++++++++++++++++++++++++++++++++++++++++++++++++++++++++++++++++++++
ID       Rule                    Alias                      Severity    File                                                                                Line    Wt    Message
======================================================================================
[42]     Ac_cdc01a               ClkCross Data Hold         Info        ./rtl/cdc_sync.v                                                                    29      10    Fast('top.clk_2') to slow('top.clk_3') clock crossing(from 'top.i_pulse_sync_clk2.i_toggleff.tmp_lvl' to 'top.i_pulse_sync_clk2.i_cdc_sync.sync_ff[0]') detected. Data hold check:PASSED
[49]     Ac_clockperiod02                                   Info        ./scripts/top.sgdc                                                                  3       2     For top design unit 'top', Period has been rounded for 2 (66 %) clocks. Refer file: './spyglass-1/cdc/cdc_verify/spyglass_reports/clock-reset/Ac_clockperiod02.csv' for details
[1F]     Ac_crossing01                                      Info        ./rtl/top.v                                                                         13      10    CrossingMatrix spreadsheet generated for design 'top'
[45]     Ac_datahold01a          Ac_sync Data Enable Seq    Info        ./rtl/clk_2_module.v                                                                68      2     Synchronized crossing: destination flop 'top.i_clk_2_module.clk2_CRC', clocked by 'top.clk_2', source flop 'top.i_clk_1_module.clk1_CRC_reg', clocked by 'top.clk_1'. Data-enable sequencing check: PASSED
[44]     Ac_datahold01a          Ac_sync Data Enable Seq    Info        ./rtl/clk_2_module.v                                                                75      2     Synchronized crossing: destination flop 'top.i_clk_2_module.clk2_mode', clocked by 'top.clk_2', source flop 'top.i_clk_1_module.clk1_mode_reg', clocked by 'top.clk_1'. Data-enable sequencing check: PASSED
[43]     Ac_datahold01a          Ac_sync Data Enable Seq    Info        ./rtl/clk_2_module.v                                                                82      2     Synchronized crossing: destination flop 'top.i_clk_2_module.clk2_message[59:0]', clocked by 'top.clk_2', source flop 'top.i_clk_1_module.clk1_message_reg[59:0]', clocked by 'top.clk_1'. Data-enable sequencing check: PASSED
[46]     Ac_datahold01a          Ac_sync Data Enable Seq    Info        ./rtl/clk_3_module.v                                                                46      2     Synchronized crossing: destination flop 'top.i_clk_3_module.out_reg[59:0]', clocked by 'top.clk_3', source flop 'top.i_clk_2_module.clk2_out_reg[59:0]', clocked by 'top.clk_2'. Data-enable sequencing check: PASSED
[41]     Ac_initstate01          ResetState                 Info        ./rtl/top.v                                                                         13      10    100 percent of sequential outputs are initialized with sets/resets and 0 percent sequential outputs are initialized by data path. Refer file: './spyglass-1/cdc/cdc_verify/spyglass_reports/clock-reset/adv_cdc.reg' for details
[4A]     Ac_report01             PropStatistics             Info        ./rtl/top.v                                                                         13      10    Implicit: '5' implicit properties analyzed, '0' failed, '5' passed, '0' partially proved, '0' not analyzed, '0' others for top design unit 'top'. Refer file: './spyglass-1/cdc/cdc_verify/spyglass_reports/clock-reset/adv_cdc.rpt' for details
[16]     Ac_sync01                                          Info        ./rtl/clk_2_module.v                                                                68      2     Synchronized Crossing: destination flop top.i_clk_2_module.clk2_CRC, clocked by top.clk_2, source flop top.i_clk_1_module.clk1_CRC_reg, clocked by top.clk_1, by method: Enable Based Synchronizer [Total Sources: 1 (Number of source domains: 1)]
[15]     Ac_sync01                                          Info        ./rtl/clk_2_module.v                                                                75      2     Synchronized Crossing: destination flop top.i_clk_2_module.clk2_mode, clocked by top.clk_2, source flop top.i_clk_1_module.clk1_mode_reg, clocked by top.clk_1, by method: Enable Based Synchronizer [Total Sources: 1 (Number of source domains: 1)]
[14]     Ac_sync02                                          Info        ./rtl/cdc_sync.v                                                                    29      2     Synchronized Crossing: destination flop top.i_pulse_sync_clk1.i_cdc_sync.sync_ff[0], clocked by top.clk_2, source flop top.i_pulse_sync_clk1.i_toggleff.tmp_lvl, clocked by top.clk_1, by method: Conventional multi-flop for metastability technique [Total Sources: 1 (Number of source domains: 1)]
[18]     Ac_sync02                                          Info        ./rtl/cdc_sync.v                                                                    29      2     Synchronized Crossing: destination flop top.i_pulse_sync_clk2.i_cdc_sync.sync_ff[0], clocked by top.clk_3, source flop top.i_pulse_sync_clk2.i_toggleff.tmp_lvl, clocked by top.clk_2, by method: Conventional multi-flop for metastability technique [Total Sources: 1 (Number of source domains: 1)]
[17]     Ac_sync02                                          Info        ./rtl/clk_2_module.v                                                                82      2     Synchronized Crossing: destination flop top.i_clk_2_module.clk2_message[59:0], clocked by top.clk_2, source flop top.i_clk_1_module.clk1_message_reg[59:0], clocked by top.clk_1, by method: Enable Based Synchronizer [Total Sources: 1 (Number of source domains: 1)]
[19]     Ac_sync02                                          Info        ./rtl/clk_3_module.v                                                                46      2     Synchronized Crossing: destination flop top.i_clk_3_module.out_reg[59:0], clocked by top.clk_3, source flop top.i_clk_2_module.clk2_out_reg[59:0], clocked by top.clk_2, by method: Synchronization at And gate [Total Sources: 1 (Number of source domains: 1)]
[22]     Ar_sync01                                          Info        ./rtl/cdc_sync.v                                                                    29      10    Reset signal 'top.rst_n' for 'clear' pin of flop 'top.i_pulse_sync_clk2.i_cdc_sync.sync_ff[0]', clocked by 'top.clk_3', is synchronized by method: Multi-flop reset synchronizer (Name:top.i_rst_sync_clk3.sync_ff[1])
[23]     Ar_sync01                                          Info        ./rtl/cdc_sync.v                                                                    29      10    Reset signal 'top.rst_n' for 'clear' pin of flop 'top.i_pulse_sync_clk1.i_cdc_sync.sync_ff[0]', clocked by 'top.clk_2', is synchronized by method: Multi-flop reset synchronizer (Name:top.i_rst_sync_clk2.sync_ff[1])
[24]     Ar_sync01                                          Info        ./rtl/clk_1_module.v                                                                40      10    Reset signal 'top.rst_n' for 'clear' pin of flop 'top.i_clk_1_module.clk1_CRC_reg', clocked by 'top.clk_1', is synchronized by method: Multi-flop reset synchronizer (Name:top.i_rst_sync_clk1.sync_ff[1])
[26]     Ar_syncdeassert01                                  Info        ./rtl/cdc_sync.v                                                                    29      10    Reset signal 'top.rst_n' for 'clear' pin of flop 'top.i_pulse_sync_clk1.i_cdc_sync.sync_ff[0]', synchronously de-asserts relative to clock signal 'top.clk_2'
[27]     Ar_syncdeassert01                                  Info        ./rtl/cdc_sync.v                                                                    29      10    Reset signal 'top.rst_n' for 'clear' pin of flop 'top.i_pulse_sync_clk2.i_cdc_sync.sync_ff[0]', synchronously de-asserts relative to clock signal 'top.clk_3'
[25]     Ar_syncdeassert01                                  Info        ./rtl/clk_1_module.v                                                                40      10    Reset signal 'top.rst_n' for 'clear' pin of flop 'top.i_clk_1_module.clk1_CRC_reg', synchronously de-asserts relative to clock signal 'top.clk_1'
[1C]     Clock_info01                                       Info        ./rtl/top.v                                                                         17      2     Candidate clock: top.clk_1 of type: Primary Clock
[1D]     Clock_info01                                       Info        ./rtl/top.v                                                                         18      2     Candidate clock: top.clk_2 of type: Primary Clock
[1E]     Clock_info01                                       Info        ./rtl/top.v                                                                         19      2     Candidate clock: top.clk_3 of type: Primary Clock
[28]     Clock_info15                                       Info        N.A.                                                                                0       2     Port-Clock information generated for PortClockMatrix report
[3]      Propagate_Clocks                                   Info        ./rtl/top.v                                                                         17      2     For top, clock(s) 'top.clk_1' of domain 'clk_1' propagated
[4]      Propagate_Clocks                                   Info        ./rtl/top.v                                                                         18      2     For top, clock(s) 'top.clk_2' of domain 'clk_2' propagated
[5]      Propagate_Clocks                                   Info        ./rtl/top.v                                                                         19      2     For top, clock(s) 'top.clk_3' of domain 'clk_3' propagated
[21]     Propagate_Resets                                   Info        ./rtl/top.v                                                                         20      2     For top, reset 'top.rst_n' propagated
[20]     Reset_info01                                       Info        ./rtl/top.v                                                                         20      2     Candidate clear: top.rst_n of type Primary clear
[13]     Setup_port01                                       Info        ./rtl/top.v                                                                         13      2     Port coverage for top design unit 'top' is: '0' (0.00 %) port(s) not fully constrained
[F]      Setup_port01                                       Info        ./spyglass-1/cdc/cdc_verify/spyglass_reports/clock-reset/top_input_abstract.sgdc    0       2     Abstracted sgdc file for input ports of block 'top' is generated
[1B]     Setup_quasi_static01                               Info        ./spyglass-1/cdc/cdc_verify/spyglass_reports/clock-reset/auto_quasi_static.sgdc     25      2     For design 'top', '0' quasi_static constraint(s) inferred
+++++++++++++++++++++++++++++++++++++++++++++++++++++++++++++++++++++++++++++++++++++++
